<?xml version="1.0" encoding="UTF-8"?>
<coverage generated="1710835793112" clover="3.2.0">
  <project timestamp="1710835793112" name="All files">
    <metrics statements="24" coveredstatements="24" conditionals="0" coveredconditionals="0" methods="10" coveredmethods="10" elements="34" coveredelements="34" complexity="0" loc="24" ncloc="24" packages="1" files="3" classes="3"/>
    <file name="Book.ts" path="C:\Users\Its\Desktop\JavaScript\netology\JS-homeWork\ajs-homeworks\1-HomeWork\12-ajs-homework-typescript\src\js\Book.ts">
      <metrics statements="6" coveredstatements="6" conditionals="0" coveredconditionals="0" methods="1" coveredmethods="1"/>
      <line num="3" count="1" type="stmt"/>
      <line num="5" count="4" type="stmt"/>
      <line num="6" count="4" type="stmt"/>
      <line num="7" count="4" type="stmt"/>
      <line num="8" count="4" type="stmt"/>
      <line num="9" count="4" type="stmt"/>
    </file>
    <file name="Cart.ts" path="C:\Users\Its\Desktop\JavaScript\netology\JS-homeWork\ajs-homeworks\1-HomeWork\12-ajs-homework-typescript\src\js\Cart.ts">
      <metrics statements="8" coveredstatements="8" conditionals="0" coveredconditionals="0" methods="8" coveredmethods="8"/>
      <line num="3" count="1" type="stmt"/>
      <line num="5" count="1" type="stmt"/>
      <line num="8" count="4" type="stmt"/>
      <line num="12" count="4" type="stmt"/>
      <line num="16" count="21" type="stmt"/>
      <line num="20" count="3" type="stmt"/>
      <line num="24" count="1" type="stmt"/>
      <line num="25" count="1" type="stmt"/>
    </file>
    <file name="Movie.ts" path="C:\Users\Its\Desktop\JavaScript\netology\JS-homeWork\ajs-homeworks\1-HomeWork\12-ajs-homework-typescript\src\js\Movie.ts">
      <metrics statements="10" coveredstatements="10" conditionals="0" coveredconditionals="0" methods="1" coveredmethods="1"/>
      <line num="3" count="1" type="stmt"/>
      <line num="5" count="1" type="stmt"/>
      <line num="6" count="1" type="stmt"/>
      <line num="7" count="1" type="stmt"/>
      <line num="8" count="1" type="stmt"/>
      <line num="9" count="1" type="stmt"/>
      <line num="10" count="1" type="stmt"/>
      <line num="11" count="1" type="stmt"/>
      <line num="12" count="1" type="stmt"/>
      <line num="13" count="1" type="stmt"/>
    </file>
  </project>
</coverage>
