{"C:\\Users\\Its\\Desktop\\JavaScript\\netology\\JS-homeWork\\ajs-homeworks\\1-HomeWork\\12-ajs-homework-typescript\\src\\js\\Book.ts": {"path":"C:\\Users\\Its\\Desktop\\JavaScript\\netology\\JS-homeWork\\ajs-homeworks\\1-HomeWork\\12-ajs-homework-typescript\\src\\js\\Book.ts","statementMap":{"0":{"start":{"line":5,"column":17},"end":{"line":5,"column":27}},"1":{"start":{"line":6,"column":17},"end":{"line":6,"column":29}},"2":{"start":{"line":7,"column":17},"end":{"line":7,"column":31}},"3":{"start":{"line":8,"column":17},"end":{"line":8,"column":30}},"4":{"start":{"line":9,"column":17},"end":{"line":9,"column":30}},"5":{"start":{"line":3,"column":0},"end":{"line":3,"column":21}}},"fnMap":{"0":{"name":"(anonymous_0)","decl":{"start":{"line":4,"column":4},"end":{"line":4,"column":null}},"loc":{"start":{"line":9,"column":30},"end":{"line":10,"column":9}}}},"branchMap":{},"s":{"0":4,"1":4,"2":4,"3":4,"4":4,"5":1},"f":{"0":4},"b":{}}
,"C:\\Users\\Its\\Desktop\\JavaScript\\netology\\JS-homeWork\\ajs-homeworks\\1-HomeWork\\12-ajs-homework-typescript\\src\\js\\Cart.ts": {"path":"C:\\Users\\Its\\Desktop\\JavaScript\\netology\\JS-homeWork\\ajs-homeworks\\1-HomeWork\\12-ajs-homework-typescript\\src\\js\\Cart.ts","statementMap":{"0":{"start":{"line":5,"column":12},"end":{"line":5,"column":null}},"1":{"start":{"line":8,"column":8},"end":{"line":8,"column":null}},"2":{"start":{"line":12,"column":8},"end":{"line":12,"column":null}},"3":{"start":{"line":16,"column":8},"end":{"line":16,"column":70}},"4":{"start":{"line":16,"column":49},"end":{"line":16,"column":65}},"5":{"start":{"line":20,"column":8},"end":{"line":20,"column":88}},"6":{"start":{"line":24,"column":22},"end":{"line":24,"column":67}},"7":{"start":{"line":24,"column":52},"end":{"line":24,"column":66}},"8":{"start":{"line":25,"column":8},"end":{"line":25,"column":37}},"9":{"start":{"line":3,"column":0},"end":{"line":3,"column":21}}},"fnMap":{"0":{"name":"(anonymous_0)","decl":{"start":{"line":3,"column":0},"end":{"line":3,"column":21}},"loc":{"start":{"line":3,"column":0},"end":{"line":27,"column":1}}},"1":{"name":"(anonymous_1)","decl":{"start":{"line":7,"column":4},"end":{"line":7,"column":7}},"loc":{"start":{"line":7,"column":21},"end":{"line":9,"column":5}}},"2":{"name":"(anonymous_2)","decl":{"start":{"line":11,"column":4},"end":{"line":11,"column":10}},"loc":{"start":{"line":11,"column":10},"end":{"line":13,"column":5}}},"3":{"name":"(anonymous_3)","decl":{"start":{"line":15,"column":4},"end":{"line":15,"column":22}},"loc":{"start":{"line":15,"column":22},"end":{"line":17,"column":5}}},"4":{"name":"(anonymous_4)","decl":{"start":{"line":16,"column":34},"end":{"line":16,"column":35}},"loc":{"start":{"line":16,"column":49},"end":{"line":16,"column":65}}},"5":{"name":"(anonymous_5)","decl":{"start":{"line":19,"column":4},"end":{"line":19,"column":26}},"loc":{"start":{"line":19,"column":43},"end":{"line":21,"column":5}}},"6":{"name":"(anonymous_6)","decl":{"start":{"line":23,"column":4},"end":{"line":23,"column":10}},"loc":{"start":{"line":23,"column":21},"end":{"line":26,"column":5}}},"7":{"name":"(anonymous_7)","decl":{"start":{"line":24,"column":44},"end":{"line":24,"column":48}},"loc":{"start":{"line":24,"column":52},"end":{"line":24,"column":66}}}},"branchMap":{},"s":{"0":1,"1":4,"2":4,"3":7,"4":21,"5":3,"6":1,"7":1,"8":1,"9":1},"f":{"0":1,"1":4,"2":4,"3":7,"4":21,"5":3,"6":1,"7":1},"b":{}}
,"C:\\Users\\Its\\Desktop\\JavaScript\\netology\\JS-homeWork\\ajs-homeworks\\1-HomeWork\\12-ajs-homework-typescript\\src\\js\\Movie.ts": {"path":"C:\\Users\\Its\\Desktop\\JavaScript\\netology\\JS-homeWork\\ajs-homeworks\\1-HomeWork\\12-ajs-homework-typescript\\src\\js\\Movie.ts","statementMap":{"0":{"start":{"line":5,"column":17},"end":{"line":5,"column":27}},"1":{"start":{"line":6,"column":17},"end":{"line":6,"column":29}},"2":{"start":{"line":7,"column":17},"end":{"line":7,"column":37}},"3":{"start":{"line":8,"column":17},"end":{"line":8,"column":29}},"4":{"start":{"line":9,"column":17},"end":{"line":9,"column":32}},"5":{"start":{"line":10,"column":17},"end":{"line":10,"column":32}},"6":{"start":{"line":11,"column":17},"end":{"line":11,"column":32}},"7":{"start":{"line":12,"column":17},"end":{"line":12,"column":29}},"8":{"start":{"line":13,"column":17},"end":{"line":13,"column":30}},"9":{"start":{"line":3,"column":0},"end":{"line":3,"column":21}}},"fnMap":{"0":{"name":"(anonymous_0)","decl":{"start":{"line":4,"column":4},"end":{"line":4,"column":null}},"loc":{"start":{"line":13,"column":30},"end":{"line":14,"column":9}}}},"branchMap":{},"s":{"0":1,"1":1,"2":1,"3":1,"4":1,"5":1,"6":1,"7":1,"8":1,"9":1},"f":{"0":1},"b":{}}
}
